<?xml version="1.0" encoding="UTF-8"?>
<!-- Generated by org.testng.reporters.JUnitReportReporter -->
<testsuite hostname="Ashu-PC" name="TestGroup.TestArtifact.LoginTest" tests="3" failures="0" timestamp="12 Jan 2019 16:39:43 GMT" time="19.499" errors="0">
  <testcase name="VerifyWalletBalance" time="8.086" classname="TestGroup.TestArtifact.LoginTest"/>
  <testcase name="logintoMMT" time="3.335" classname="TestGroup.TestArtifact.LoginTest"/>
  <testcase name="VerifyWalletBalanceagain" time="8.078" classname="TestGroup.TestArtifact.LoginTest"/>
</testsuite> <!-- TestGroup.TestArtifact.LoginTest -->
