<?xml version="1.0" encoding="UTF-8"?>
<!-- Generated by org.testng.reporters.JUnitReportReporter -->
<testsuite hostname="Ashu-PC" name="TestGroup.TestArtifact.extent" tests="1" failures="0" timestamp="12 Oct 2018 04:04:50 GMT" time="12.131" errors="0">
  <testcase name="verifySeleniumBlog" time="12.131" classname="TestGroup.TestArtifact.extent"/>
</testsuite> <!-- TestGroup.TestArtifact.extent -->
